0 info it worked if it ends with ok
1 verbose cli [ '/usr/bin/nodejs',
1 verbose cli   '/usr/bin/npm',
1 verbose cli   'install',
1 verbose cli   '--save-dev',
1 verbose cli   'gulp-server-livereloa' ]
2 info using npm@2.14.7
3 info using node@v4.2.3
4 verbose install initial load of /home/barthpc/Documents/Javascript/code_school/staying_sharp/app/package.json
5 warn package.json stayin_sharp@1.0.0 No repository field.
6 warn package.json stayin_sharp@1.0.0 No README data
7 verbose installManyTop reading scoped package data from /home/barthpc/Documents/Javascript/code_school/staying_sharp/app/node_modules/angular/package.json
8 verbose installManyTop reading scoped package data from /home/barthpc/Documents/Javascript/code_school/staying_sharp/app/node_modules/autoprefixer/package.json
9 verbose installManyTop reading scoped package data from /home/barthpc/Documents/Javascript/code_school/staying_sharp/app/node_modules/cssbeautify/package.json
10 verbose installManyTop reading scoped package data from /home/barthpc/Documents/Javascript/code_school/staying_sharp/app/node_modules/csscomb/package.json
11 verbose installManyTop reading scoped package data from /home/barthpc/Documents/Javascript/code_school/staying_sharp/app/node_modules/csso/package.json
12 verbose installManyTop reading scoped package data from /home/barthpc/Documents/Javascript/code_school/staying_sharp/app/node_modules/gulp/package.json
13 verbose installManyTop reading scoped package data from /home/barthpc/Documents/Javascript/code_school/staying_sharp/app/node_modules/gulp-server-livereload/package.json
14 verbose installManyTop reading scoped package data from /home/barthpc/Documents/Javascript/code_school/staying_sharp/app/node_modules/imagemin/package.json
15 verbose installManyTop reading scoped package data from /home/barthpc/Documents/Javascript/code_school/staying_sharp/app/node_modules/load-plugins/package.json
16 verbose installManyTop reading scoped package data from /home/barthpc/Documents/Javascript/code_school/staying_sharp/app/node_modules/rename/package.json
17 info package.json cssbeautify@0.3.1 No license field.
18 info package.json csscomb@3.1.8 No license field.
19 verbose readDependencies loading dependencies from /home/barthpc/Documents/Javascript/code_school/staying_sharp/app/package.json
20 silly cache add args [ 'gulp-server-livereloa', null ]
21 verbose cache add spec gulp-server-livereloa
22 silly cache add parsed spec Result {
22 silly cache add   raw: 'gulp-server-livereloa',
22 silly cache add   scope: null,
22 silly cache add   name: 'gulp-server-livereloa',
22 silly cache add   rawSpec: '',
22 silly cache add   spec: '*',
22 silly cache add   type: 'range' }
23 silly addNamed gulp-server-livereloa@*
24 verbose addNamed "*" is a valid semver range for gulp-server-livereloa
25 silly addNameRange { name: 'gulp-server-livereloa', range: '*', hasData: false }
26 silly mapToRegistry name gulp-server-livereloa
27 silly mapToRegistry using default registry
28 silly mapToRegistry registry https://registry.npmjs.org/
29 silly mapToRegistry uri https://registry.npmjs.org/gulp-server-livereloa
30 verbose addNameRange registry:https://registry.npmjs.org/gulp-server-livereloa not in flight; fetching
31 verbose request uri https://registry.npmjs.org/gulp-server-livereloa
32 verbose request no auth needed
33 info attempt registry request try #1 at 11:42:17 PM
34 verbose request id 7ad1afe1e83ca7d5
35 http request GET https://registry.npmjs.org/gulp-server-livereloa
36 http 404 https://registry.npmjs.org/gulp-server-livereloa
37 verbose headers { 'content-type': 'application/json',
37 verbose headers   'cache-control': 'max-age=0',
37 verbose headers   'content-length': '2',
37 verbose headers   'accept-ranges': 'bytes',
37 verbose headers   date: 'Mon, 14 Dec 2015 22:42:24 GMT',
37 verbose headers   via: '1.1 varnish',
37 verbose headers   age: '0',
37 verbose headers   connection: 'keep-alive',
37 verbose headers   'x-served-by': 'cache-lcy1132-LCY',
37 verbose headers   'x-cache': 'MISS',
37 verbose headers   'x-cache-hits': '0',
37 verbose headers   'x-timer': 'S1450132943.728626,VS0,VE401' }
38 silly get cb [ 404,
38 silly get   { 'content-type': 'application/json',
38 silly get     'cache-control': 'max-age=0',
38 silly get     'content-length': '2',
38 silly get     'accept-ranges': 'bytes',
38 silly get     date: 'Mon, 14 Dec 2015 22:42:24 GMT',
38 silly get     via: '1.1 varnish',
38 silly get     age: '0',
38 silly get     connection: 'keep-alive',
38 silly get     'x-served-by': 'cache-lcy1132-LCY',
38 silly get     'x-cache': 'MISS',
38 silly get     'x-cache-hits': '0',
38 silly get     'x-timer': 'S1450132943.728626,VS0,VE401' } ]
39 verbose stack Error: Registry returned 404 for GET on https://registry.npmjs.org/gulp-server-livereloa
39 verbose stack     at makeError (/usr/lib/node_modules/npm/node_modules/npm-registry-client/lib/request.js:264:12)
39 verbose stack     at CachingRegistryClient.<anonymous> (/usr/lib/node_modules/npm/node_modules/npm-registry-client/lib/request.js:242:14)
39 verbose stack     at Request._callback (/usr/lib/node_modules/npm/node_modules/npm-registry-client/lib/request.js:172:14)
39 verbose stack     at Request.self.callback (/usr/lib/node_modules/npm/node_modules/request/request.js:198:22)
39 verbose stack     at emitTwo (events.js:87:13)
39 verbose stack     at Request.emit (events.js:172:7)
39 verbose stack     at Request.<anonymous> (/usr/lib/node_modules/npm/node_modules/request/request.js:1063:14)
39 verbose stack     at emitOne (events.js:82:20)
39 verbose stack     at Request.emit (events.js:169:7)
39 verbose stack     at IncomingMessage.<anonymous> (/usr/lib/node_modules/npm/node_modules/request/request.js:1009:12)
40 verbose statusCode 404
41 verbose pkgid gulp-server-livereloa
42 verbose cwd /home/barthpc/Documents/Javascript/code_school/staying_sharp/app
43 error Linux 3.19.0-39-generic
44 error argv "/usr/bin/nodejs" "/usr/bin/npm" "install" "--save-dev" "gulp-server-livereloa"
45 error node v4.2.3
46 error npm  v2.14.7
47 error code E404
48 error 404 Registry returned 404 for GET on https://registry.npmjs.org/gulp-server-livereloa
48 error 404
48 error 404 'gulp-server-livereloa' is not in the npm registry.
48 error 404 You should bug the author to publish it (or use the name yourself!)
48 error 404 It was specified as a dependency of 'stayin_sharp'
48 error 404
48 error 404 Note that you can also install from a
48 error 404 tarball, folder, http url, or git url.
49 verbose exit [ 1, true ]
